<?xml version="1.0" encoding="UTF-8"?>
<!-- Generated by org.testng.reporters.JUnitReportReporter -->
<testsuite hostname="ser-PC" failures="0" tests="1" name="com.utility.ReadJson" time="0.014" errors="0" timestamp="2022-09-06T22:28:57 IST" skipped="0">
  <testcase classname="com.utility.ReadJson" name="readRCBjson" time="0.014"/>
  <system-out/>
</testsuite> <!-- com.utility.ReadJson -->
