<?xml version="1.0" encoding="UTF-8"?>
<!-- Generated by org.testng.reporters.JUnitReportReporter -->
<testsuite hostname="ser-PC" failures="0" tests="2" name="RCBTeam" time="0.027" errors="0" timestamp="2022-09-08T23:06:20 IST" skipped="0">
  <testcase classname="RCBTeam" name="listofForeignPlayers" time="0.006"/>
  <system-out/>
  <testcase classname="RCBTeam" name="atLeastOnrWicket" time="0.021"/>
  <system-out/>
</testsuite> <!-- RCBTeam -->
